========================================================================================
Report      : INFO
Date        : Sat Jun 18 05:47:28 UTC 2016
Description : ---------------------------------------------------------------
              -- The service is using the following configuration settings --
              ---------------------------------------------------------------
              Domain (id)          : ospl_sp_ddsi (0)
              Storage              : 0 Kbytes
              Storage threshold    : 1024 Kbytes
              Storage address      : Not available
              Locking              : default
              Memory mode          : Heap memory
              Builtin topics       : true
              Priority inheritance : false
              SystemId             : 768287993 from [1,2147483647]
Node        : vagrant-ubuntu-trusty-64
Process     : app <19865>
Thread      : spliced 404c700
Internals   : 6.6.3p2/93194e0/c5b33fe/The OpenSplice domain service/u_domain.c/648/0/1466228848.998417814
========================================================================================
Report      : INFO
Date        : Sat Jun 18 05:47:29 UTC 2016
Description : ++++++++++++++++++++++++++++++++++++++++++++++++
              ++ The service 'splicedaemon' is now operational. 
              ++++++++++++++++++++++++++++++++++++++++++++++++
Node        : vagrant-ubuntu-trusty-64
Process     : app <19865>
Thread      : spliced 404c700
Internals   : 6.6.3p2/93194e0/c5b33fe/v_serviceChangeState/v_service.c/286/0/1466228849.333375004
========================================================================================
Report      : INFO
Date        : Sat Jun 18 05:47:29 UTC 2016
Description : SOAP service is reachable via port 46744
Node        : vagrant-ubuntu-trusty-64
Process     : app <19865>
Thread      : cmsoap 8555700
Internals   : 6.6.3p2/93194e0/c5b33fe/CM SOAP Service/cms_service.c/445/0/1466228849.655299210
========================================================================================
Report      : INFO
Date        : Sat Jun 18 05:47:29 UTC 2016
Description : ++++++++++++++++++++++++++++++++++++++++++++++++
              ++ The service 'cmsoap' is now operational. 
              ++++++++++++++++++++++++++++++++++++++++++++++++
Node        : vagrant-ubuntu-trusty-64
Process     : app <19865>
Thread      : cmsoap 8555700
Internals   : 6.6.3p2/93194e0/c5b33fe/v_serviceChangeState/v_service.c/286/0/1466228849.735658830
========================================================================================
Report      : WARNING
Date        : Sat Jun 18 05:47:30 UTC 2016
Description : using network interface eth0 (10.0.2.15) selected arbitrarily from: eth0, eth1

Node        : vagrant-ubuntu-trusty-64
Process     : app <19865>
Thread      : ddsi2 9f5c700
Internals   : 6.6.3p2/93194e0/c5b33fe/ddsi2/q_nwif.c/960/0/1466228850.010517593
========================================================================================
Report      : INFO
Date        : Sat Jun 18 05:47:30 UTC 2016
Description : ++++++++++++++++++++++++++++++++++++++++++++++++
              ++ The service 'ddsi2' is now operational. 
              ++++++++++++++++++++++++++++++++++++++++++++++++
Node        : vagrant-ubuntu-trusty-64
Process     : app <19865>
Thread      : ddsi2 9f5c700
Internals   : 6.6.3p2/93194e0/c5b33fe/v_serviceChangeState/v_service.c/286/0/1466228850.839218935
========================================================================================
Report      : INFO
Date        : Sat Jun 18 05:47:32 UTC 2016
Description : The durability service can be identified by ID: 768287993
Node        : vagrant-ubuntu-trusty-64
Process     : app <19865>
Thread      : durability 9bcc700
Internals   : 6.6.3p2/93194e0/c5b33fe/DurabilityService/d_durability.c/676/0/1466228852.214249410
========================================================================================
Report      : INFO
Date        : Sat Jun 18 05:47:41 UTC 2016
Description : ---------------------------------------------------------------
              -- The service is using the following configuration settings --
              ---------------------------------------------------------------
              Domain (id)          : ospl_sp_ddsi (0)
              Storage              : 0 Kbytes
              Storage threshold    : 1024 Kbytes
              Storage address      : Not available
              Locking              : default
              Memory mode          : Heap memory
              Builtin topics       : true
              Priority inheritance : false
              SystemId             : 434940328 from [1,2147483647]
Node        : vagrant-ubuntu-trusty-64
Process     : app <19922>
Thread      : spliced 404c700
Internals   : 6.6.3p2/93194e0/c5b33fe/The OpenSplice domain service/u_domain.c/648/0/1466228861.727595218
========================================================================================
Report      : INFO
Date        : Sat Jun 18 05:47:42 UTC 2016
Description : ++++++++++++++++++++++++++++++++++++++++++++++++
              ++ The service 'splicedaemon' is now operational. 
              ++++++++++++++++++++++++++++++++++++++++++++++++
Node        : vagrant-ubuntu-trusty-64
Process     : app <19922>
Thread      : spliced 404c700
Internals   : 6.6.3p2/93194e0/c5b33fe/v_serviceChangeState/v_service.c/286/0/1466228862.061955918
========================================================================================
Report      : INFO
Date        : Sat Jun 18 05:47:42 UTC 2016
Description : SOAP service is reachable via port 45986
Node        : vagrant-ubuntu-trusty-64
Process     : app <19922>
Thread      : cmsoap 8555700
Internals   : 6.6.3p2/93194e0/c5b33fe/CM SOAP Service/cms_service.c/445/0/1466228862.302534686
========================================================================================
Report      : INFO
Date        : Sat Jun 18 05:47:42 UTC 2016
Description : ++++++++++++++++++++++++++++++++++++++++++++++++
              ++ The service 'cmsoap' is now operational. 
              ++++++++++++++++++++++++++++++++++++++++++++++++
Node        : vagrant-ubuntu-trusty-64
Process     : app <19922>
Thread      : cmsoap 8555700
Internals   : 6.6.3p2/93194e0/c5b33fe/v_serviceChangeState/v_service.c/286/0/1466228862.420114858
