========================================================================================
Context     : DDS_free
Date        : Sat Jun 18 18:42:54 UTC 2016
Node        : vagrant-ubuntu-trusty-64
Process     : app <19086>
Thread      : 7f0553fff700
Internals   : sac_objManag.c/217/6.6.3p2/93194e0/c5b33fe
----------------------------------------------------------------------------------------
Report      : Bad parameter: Invalid object reference
Internals   : /home/dds/OvernightTests/erik/ospli/heads/OSPL_V6_6-01-branch/ubuntu1204-64b/x86_64.linux-gcc482-release-notest-inner/build/src/api/dcps/sac/code/sac_objManag.c/DDS__free/187/3/1466275374.739289297
========================================================================================
Context     : DDS_free
Date        : Sat Jun 18 18:44:16 UTC 2016
Node        : vagrant-ubuntu-trusty-64
Process     : app <19221>
Thread      : 7f72bd230700
Internals   : sac_objManag.c/217/6.6.3p2/93194e0/c5b33fe
----------------------------------------------------------------------------------------
Report      : Bad parameter: Invalid object reference
Internals   : /home/dds/OvernightTests/erik/ospli/heads/OSPL_V6_6-01-branch/ubuntu1204-64b/x86_64.linux-gcc482-release-notest-inner/build/src/api/dcps/sac/code/sac_objManag.c/DDS__free/187/3/1466275456.784300209
========================================================================================
Context     : DDS_free
Date        : Sat Jun 18 18:44:40 UTC 2016
Node        : vagrant-ubuntu-trusty-64
Process     : app <19344>
Thread      : 7f2a7a52e700
Internals   : sac_objManag.c/217/6.6.3p2/93194e0/c5b33fe
----------------------------------------------------------------------------------------
Report      : Bad parameter: Invalid object reference
Internals   : /home/dds/OvernightTests/erik/ospli/heads/OSPL_V6_6-01-branch/ubuntu1204-64b/x86_64.linux-gcc482-release-notest-inner/build/src/api/dcps/sac/code/sac_objManag.c/DDS__free/187/3/1466275480.599045950
========================================================================================
Context     : DDS_free
Date        : Sat Jun 18 19:49:23 UTC 2016
Node        : vagrant-ubuntu-trusty-64
Process     : app <21507>
Thread      : 7f613115d700
Internals   : sac_objManag.c/217/6.6.3p2/93194e0/c5b33fe
----------------------------------------------------------------------------------------
Report      : Bad parameter: Invalid object reference
Internals   : /home/dds/OvernightTests/erik/ospli/heads/OSPL_V6_6-01-branch/ubuntu1204-64b/x86_64.linux-gcc482-release-notest-inner/build/src/api/dcps/sac/code/sac_objManag.c/DDS__free/187/3/1466279363.716167048
